2020-03-16 15:14:24,195 INFO org.springframework.boot.StartupInfoLogger [main] Starting HomeworkApplication on agnese-PC with PID 1404 (C:\Users\agnese\Homework\out\production\classes started by agnese in C:\Users\agnese\Homework)
2020-03-16 15:14:24,202 INFO org.springframework.boot.SpringApplication [main] No active profile set, falling back to default profiles: default
2020-03-16 15:14:25,437 WARN org.mybatis.spring.mapper.ClassPathMapperScanner [main] No MyBatis mapper was found in '[com.example.demo]' package. Please check your configuration.
2020-03-16 15:14:25,503 INFO org.springframework.data.repository.config.RepositoryConfigurationDelegate [main] Bootstrapping Spring Data JPA repositories in DEFAULT mode.
2020-03-16 15:14:25,532 INFO org.springframework.data.repository.config.RepositoryConfigurationDelegate [main] Finished Spring Data repository scanning in 10ms. Found 0 JPA repository interfaces.
2020-03-16 15:14:26,394 INFO org.springframework.boot.web.embedded.tomcat.TomcatWebServer [main] Tomcat initialized with port(s): 8080 (http)
2020-03-16 15:14:26,408 INFO org.apache.juli.logging.DirectJDKLog [main] Initializing ProtocolHandler ["http-nio-8080"]
2020-03-16 15:14:26,408 INFO org.apache.juli.logging.DirectJDKLog [main] Starting service [Tomcat]
2020-03-16 15:14:26,408 INFO org.apache.juli.logging.DirectJDKLog [main] Starting Servlet engine: [Apache Tomcat/9.0.31]
2020-03-16 15:14:26,663 INFO org.apache.juli.logging.DirectJDKLog [main] Initializing Spring embedded WebApplicationContext
2020-03-16 15:14:26,664 INFO org.springframework.boot.web.servlet.context.ServletWebServerApplicationContext [main] Root WebApplicationContext: initialization completed in 2317 ms
2020-03-16 15:14:26,819 INFO com.zaxxer.hikari.HikariDataSource [main] HikariPool-1 - Starting...
2020-03-16 15:14:27,019 INFO com.zaxxer.hikari.HikariDataSource [main] HikariPool-1 - Start completed.
2020-03-16 15:14:29,093 INFO liquibase.logging.core.Slf4jLogger [main] SELECT COUNT(*) FROM public.databasechangeloglock
2020-03-16 15:14:29,097 INFO liquibase.logging.core.Slf4jLogger [main] SELECT COUNT(*) FROM public.databasechangeloglock
2020-03-16 15:14:29,100 INFO liquibase.logging.core.Slf4jLogger [main] SELECT LOCKED FROM public.databasechangeloglock WHERE ID=1
2020-03-16 15:14:29,117 INFO liquibase.logging.core.Slf4jLogger [main] Successfully acquired change log lock
2020-03-16 15:14:31,061 INFO liquibase.logging.core.Slf4jLogger [main] Creating database history table with name: public.databasechangelog
2020-03-16 15:14:31,066 INFO liquibase.logging.core.Slf4jLogger [main] CREATE TABLE public.databasechangelog (ID VARCHAR(255) NOT NULL, AUTHOR VARCHAR(255) NOT NULL, FILENAME VARCHAR(255) NOT NULL, DATEEXECUTED TIMESTAMP WITHOUT TIME ZONE NOT NULL, ORDEREXECUTED INTEGER NOT NULL, EXECTYPE VARCHAR(10) NOT NULL, MD5SUM VARCHAR(35), DESCRIPTION VARCHAR(255), COMMENTS VARCHAR(255), TAG VARCHAR(255), LIQUIBASE VARCHAR(20), CONTEXTS VARCHAR(255), LABELS VARCHAR(255), DEPLOYMENT_ID VARCHAR(10))
2020-03-16 15:14:31,083 INFO liquibase.logging.core.Slf4jLogger [main] SELECT COUNT(*) FROM public.databasechangelog
2020-03-16 15:14:31,085 INFO liquibase.logging.core.Slf4jLogger [main] Reading from public.databasechangelog
2020-03-16 15:14:31,087 INFO liquibase.logging.core.Slf4jLogger [main] SELECT * FROM public.databasechangelog ORDER BY DATEEXECUTED ASC, ORDEREXECUTED ASC
2020-03-16 15:14:31,092 INFO liquibase.logging.core.Slf4jLogger [main] Successfully released change log lock
2020-03-16 15:14:31,245 INFO org.hibernate.jpa.internal.util.LogHelper [main] HHH000204: Processing PersistenceUnitInfo [name: default]
2020-03-16 15:14:31,438 INFO org.hibernate.Version [main] HHH000412: Hibernate ORM core version 5.4.12.Final
2020-03-16 15:14:31,805 INFO org.hibernate.annotations.common.reflection.java.JavaReflectionManager [main] HCANN000001: Hibernate Commons Annotations {5.1.0.Final}
2020-03-16 15:14:32,086 INFO org.hibernate.dialect.Dialect [main] HHH000400: Using dialect: org.hibernate.dialect.PostgreSQLDialect
2020-03-16 15:14:32,429 INFO org.hibernate.engine.transaction.jta.platform.internal.JtaPlatformInitiator [main] HHH000490: Using JtaPlatform implementation: [org.hibernate.engine.transaction.jta.platform.internal.NoJtaPlatform]
2020-03-16 15:14:32,456 INFO org.springframework.orm.jpa.AbstractEntityManagerFactoryBean [main] Initialized JPA EntityManagerFactory for persistence unit 'default'
2020-03-16 15:14:32,617 WARN org.springframework.boot.autoconfigure.orm.jpa.JpaBaseConfiguration$JpaWebConfiguration [main] spring.jpa.open-in-view is enabled by default. Therefore, database queries may be performed during view rendering. Explicitly configure spring.jpa.open-in-view to disable this warning
2020-03-16 15:14:32,784 INFO org.springframework.scheduling.concurrent.ExecutorConfigurationSupport [main] Initializing ExecutorService 'applicationTaskExecutor'
2020-03-16 15:14:33,334 INFO org.springframework.boot.autoconfigure.security.servlet.UserDetailsServiceAutoConfiguration [main] 

Using generated security password: c41f6541-4418-4ebb-b780-7e32243eda97

2020-03-16 15:14:33,793 INFO org.springframework.security.web.DefaultSecurityFilterChain [main] Creating filter chain: any request, [org.springframework.security.web.context.request.async.WebAsyncManagerIntegrationFilter@5fdcc63f, org.springframework.security.web.context.SecurityContextPersistenceFilter@5aa461, org.springframework.security.web.header.HeaderWriterFilter@2740585b, org.springframework.security.web.csrf.CsrfFilter@74120029, org.springframework.security.web.authentication.logout.LogoutFilter@62075e3d, org.springframework.security.web.authentication.UsernamePasswordAuthenticationFilter@5bdef8ee, org.springframework.security.web.authentication.ui.DefaultLoginPageGeneratingFilter@5e0b7f58, org.springframework.security.web.authentication.ui.DefaultLogoutPageGeneratingFilter@27f8f1cc, org.springframework.security.web.authentication.www.BasicAuthenticationFilter@63767d, org.springframework.security.web.savedrequest.RequestCacheAwareFilter@52c2d1e8, org.springframework.security.web.servletapi.SecurityContextHolderAwareRequestFilter@5643052d, org.springframework.security.web.authentication.AnonymousAuthenticationFilter@473c491, org.springframework.security.web.session.SessionManagementFilter@2d6e09f0, org.springframework.security.web.access.ExceptionTranslationFilter@48cbb4c5, org.springframework.security.web.access.intercept.FilterSecurityInterceptor@2fda92e0]
2020-03-16 15:14:33,876 INFO org.apache.juli.logging.DirectJDKLog [main] Starting ProtocolHandler ["http-nio-8080"]
2020-03-16 15:14:33,919 INFO org.springframework.boot.web.embedded.tomcat.TomcatWebServer [main] Tomcat started on port(s): 8080 (http) with context path ''
2020-03-16 15:14:33,925 INFO org.springframework.boot.StartupInfoLogger [main] Started HomeworkApplication in 11.178 seconds (JVM running for 13.378)
2020-03-16 15:54:15,898 INFO org.springframework.scheduling.concurrent.ExecutorConfigurationSupport [SpringContextShutdownHook] Shutting down ExecutorService 'applicationTaskExecutor'
2020-03-16 15:54:15,923 INFO org.springframework.orm.jpa.AbstractEntityManagerFactoryBean [SpringContextShutdownHook] Closing JPA EntityManagerFactory for persistence unit 'default'
2020-03-16 15:54:15,987 INFO com.zaxxer.hikari.HikariDataSource [SpringContextShutdownHook] HikariPool-1 - Shutdown initiated...
2020-03-16 15:54:16,010 INFO com.zaxxer.hikari.HikariDataSource [SpringContextShutdownHook] HikariPool-1 - Shutdown completed.
2020-03-16 15:56:47,545 INFO org.springframework.boot.StartupInfoLogger [main] Starting HomeworkApplication on agnese-PC with PID 14672 (C:\Users\agnese\Homework\out\production\classes started by agnese in C:\Users\agnese\Homework)
2020-03-16 15:56:47,554 INFO org.springframework.boot.SpringApplication [main] No active profile set, falling back to default profiles: default
2020-03-16 15:56:49,245 WARN org.mybatis.spring.mapper.ClassPathMapperScanner [main] No MyBatis mapper was found in '[com.example.demo]' package. Please check your configuration.
2020-03-16 15:56:49,376 INFO org.springframework.data.repository.config.RepositoryConfigurationDelegate [main] Bootstrapping Spring Data JPA repositories in DEFAULT mode.
2020-03-16 15:56:49,431 INFO org.springframework.data.repository.config.RepositoryConfigurationDelegate [main] Finished Spring Data repository scanning in 15ms. Found 0 JPA repository interfaces.
2020-03-16 15:56:50,848 INFO org.springframework.boot.web.embedded.tomcat.TomcatWebServer [main] Tomcat initialized with port(s): 8080 (http)
2020-03-16 15:56:50,863 INFO org.apache.juli.logging.DirectJDKLog [main] Initializing ProtocolHandler ["http-nio-8080"]
2020-03-16 15:56:50,864 INFO org.apache.juli.logging.DirectJDKLog [main] Starting service [Tomcat]
2020-03-16 15:56:50,865 INFO org.apache.juli.logging.DirectJDKLog [main] Starting Servlet engine: [Apache Tomcat/9.0.31]
2020-03-16 15:56:51,188 INFO org.apache.juli.logging.DirectJDKLog [main] Initializing Spring embedded WebApplicationContext
2020-03-16 15:56:51,188 INFO org.springframework.boot.web.servlet.context.ServletWebServerApplicationContext [main] Root WebApplicationContext: initialization completed in 3532 ms
2020-03-16 15:56:51,413 INFO com.zaxxer.hikari.HikariDataSource [main] HikariPool-1 - Starting...
2020-03-16 15:56:51,681 INFO com.zaxxer.hikari.HikariDataSource [main] HikariPool-1 - Start completed.
2020-03-16 15:56:54,673 INFO liquibase.logging.core.Slf4jLogger [main] SELECT COUNT(*) FROM public.databasechangeloglock
2020-03-16 15:56:54,694 INFO liquibase.logging.core.Slf4jLogger [main] SELECT COUNT(*) FROM public.databasechangeloglock
2020-03-16 15:56:54,697 INFO liquibase.logging.core.Slf4jLogger [main] SELECT LOCKED FROM public.databasechangeloglock WHERE ID=1
2020-03-16 15:56:54,717 INFO liquibase.logging.core.Slf4jLogger [main] Successfully acquired change log lock
2020-03-16 15:56:58,192 INFO liquibase.logging.core.Slf4jLogger [main] SELECT MD5SUM FROM public.databasechangelog WHERE MD5SUM IS NOT NULL LIMIT 1
2020-03-16 15:56:58,195 INFO liquibase.logging.core.Slf4jLogger [main] SELECT COUNT(*) FROM public.databasechangelog
2020-03-16 15:56:58,196 INFO liquibase.logging.core.Slf4jLogger [main] Reading from public.databasechangelog
2020-03-16 15:56:58,197 INFO liquibase.logging.core.Slf4jLogger [main] SELECT * FROM public.databasechangelog ORDER BY DATEEXECUTED ASC, ORDEREXECUTED ASC
2020-03-16 15:56:58,205 INFO liquibase.logging.core.Slf4jLogger [main] Successfully released change log lock
2020-03-16 15:56:58,373 INFO org.hibernate.jpa.internal.util.LogHelper [main] HHH000204: Processing PersistenceUnitInfo [name: default]
2020-03-16 15:56:58,603 INFO org.hibernate.Version [main] HHH000412: Hibernate ORM core version 5.4.12.Final
2020-03-16 15:56:58,968 INFO org.hibernate.annotations.common.reflection.java.JavaReflectionManager [main] HCANN000001: Hibernate Commons Annotations {5.1.0.Final}
2020-03-16 15:56:59,263 INFO org.hibernate.dialect.Dialect [main] HHH000400: Using dialect: org.hibernate.dialect.PostgreSQLDialect
2020-03-16 15:56:59,673 INFO org.hibernate.engine.transaction.jta.platform.internal.JtaPlatformInitiator [main] HHH000490: Using JtaPlatform implementation: [org.hibernate.engine.transaction.jta.platform.internal.NoJtaPlatform]
2020-03-16 15:56:59,702 INFO org.springframework.orm.jpa.AbstractEntityManagerFactoryBean [main] Initialized JPA EntityManagerFactory for persistence unit 'default'
2020-03-16 15:56:59,951 WARN org.springframework.boot.autoconfigure.orm.jpa.JpaBaseConfiguration$JpaWebConfiguration [main] spring.jpa.open-in-view is enabled by default. Therefore, database queries may be performed during view rendering. Explicitly configure spring.jpa.open-in-view to disable this warning
2020-03-16 15:57:00,152 INFO org.springframework.scheduling.concurrent.ExecutorConfigurationSupport [main] Initializing ExecutorService 'applicationTaskExecutor'
2020-03-16 15:57:00,952 INFO org.springframework.boot.autoconfigure.security.servlet.UserDetailsServiceAutoConfiguration [main] 

Using generated security password: be4ed769-49fb-4a44-be32-c368d913d4f0

2020-03-16 15:57:01,258 INFO org.springframework.security.web.DefaultSecurityFilterChain [main] Creating filter chain: any request, [org.springframework.security.web.context.request.async.WebAsyncManagerIntegrationFilter@2568611c, org.springframework.security.web.context.SecurityContextPersistenceFilter@c7cf8c4, org.springframework.security.web.header.HeaderWriterFilter@3c9971af, org.springframework.security.web.csrf.CsrfFilter@2dbb8da0, org.springframework.security.web.authentication.logout.LogoutFilter@51aa2a58, org.springframework.security.web.authentication.UsernamePasswordAuthenticationFilter@36cdcae0, org.springframework.security.web.authentication.ui.DefaultLoginPageGeneratingFilter@4ae6451d, org.springframework.security.web.authentication.ui.DefaultLogoutPageGeneratingFilter@2bda7a5b, org.springframework.security.web.authentication.www.BasicAuthenticationFilter@780dbed7, org.springframework.security.web.savedrequest.RequestCacheAwareFilter@731fae, org.springframework.security.web.servletapi.SecurityContextHolderAwareRequestFilter@67cd84f9, org.springframework.security.web.authentication.AnonymousAuthenticationFilter@47374fa5, org.springframework.security.web.session.SessionManagementFilter@66d61298, org.springframework.security.web.access.ExceptionTranslationFilter@1c5fd813, org.springframework.security.web.access.intercept.FilterSecurityInterceptor@66048c9e]
2020-03-16 15:57:01,337 INFO org.apache.juli.logging.DirectJDKLog [main] Starting ProtocolHandler ["http-nio-8080"]
2020-03-16 15:57:01,378 INFO org.springframework.boot.web.embedded.tomcat.TomcatWebServer [main] Tomcat started on port(s): 8080 (http) with context path ''
2020-03-16 15:57:01,387 INFO org.springframework.boot.StartupInfoLogger [main] Started HomeworkApplication in 15.64 seconds (JVM running for 18.292)
2020-03-16 16:16:10,433 INFO org.springframework.boot.StartupInfoLogger [main] Starting HomeworkApplication on agnese-PC with PID 15772 (C:\Users\agnese\Homework\homework-server\out\production\classes started by agnese in C:\Users\agnese\Homework)
2020-03-16 16:16:10,443 INFO org.springframework.boot.SpringApplication [main] No active profile set, falling back to default profiles: default
2020-03-16 16:16:12,302 WARN org.mybatis.spring.mapper.ClassPathMapperScanner [main] No MyBatis mapper was found in '[com.example.demo]' package. Please check your configuration.
2020-03-16 16:16:12,393 INFO org.springframework.data.repository.config.RepositoryConfigurationDelegate [main] Bootstrapping Spring Data JPA repositories in DEFAULT mode.
2020-03-16 16:16:12,433 INFO org.springframework.data.repository.config.RepositoryConfigurationDelegate [main] Finished Spring Data repository scanning in 15ms. Found 0 JPA repository interfaces.
2020-03-16 16:16:13,683 INFO org.springframework.boot.web.embedded.tomcat.TomcatWebServer [main] Tomcat initialized with port(s): 8080 (http)
2020-03-16 16:16:13,701 INFO org.apache.juli.logging.DirectJDKLog [main] Initializing ProtocolHandler ["http-nio-8080"]
2020-03-16 16:16:13,702 INFO org.apache.juli.logging.DirectJDKLog [main] Starting service [Tomcat]
2020-03-16 16:16:13,702 INFO org.apache.juli.logging.DirectJDKLog [main] Starting Servlet engine: [Apache Tomcat/9.0.31]
2020-03-16 16:16:14,063 INFO org.apache.juli.logging.DirectJDKLog [main] Initializing Spring embedded WebApplicationContext
2020-03-16 16:16:14,063 INFO org.springframework.boot.web.servlet.context.ServletWebServerApplicationContext [main] Root WebApplicationContext: initialization completed in 3101 ms
2020-03-16 16:16:14,422 INFO com.zaxxer.hikari.HikariDataSource [main] HikariPool-1 - Starting...
2020-03-16 16:16:14,683 INFO com.zaxxer.hikari.HikariDataSource [main] HikariPool-1 - Start completed.
2020-03-16 16:16:17,454 INFO liquibase.logging.core.Slf4jLogger [main] SELECT COUNT(*) FROM public.databasechangeloglock
2020-03-16 16:16:17,456 INFO liquibase.logging.core.Slf4jLogger [main] SELECT COUNT(*) FROM public.databasechangeloglock
2020-03-16 16:16:17,462 INFO liquibase.logging.core.Slf4jLogger [main] SELECT LOCKED FROM public.databasechangeloglock WHERE ID=1
2020-03-16 16:16:17,483 INFO liquibase.logging.core.Slf4jLogger [main] Successfully acquired change log lock
2020-03-16 16:16:25,342 INFO liquibase.logging.core.Slf4jLogger [main] SELECT MD5SUM FROM public.databasechangelog WHERE MD5SUM IS NOT NULL LIMIT 1
2020-03-16 16:16:25,346 INFO liquibase.logging.core.Slf4jLogger [main] SELECT COUNT(*) FROM public.databasechangelog
2020-03-16 16:16:25,346 INFO liquibase.logging.core.Slf4jLogger [main] Reading from public.databasechangelog
2020-03-16 16:16:25,352 INFO liquibase.logging.core.Slf4jLogger [main] SELECT * FROM public.databasechangelog ORDER BY DATEEXECUTED ASC, ORDEREXECUTED ASC
2020-03-16 16:16:25,363 INFO liquibase.logging.core.Slf4jLogger [main] Successfully released change log lock
2020-03-16 16:16:25,783 INFO org.hibernate.jpa.internal.util.LogHelper [main] HHH000204: Processing PersistenceUnitInfo [name: default]
2020-03-16 16:16:26,254 INFO org.hibernate.Version [main] HHH000412: Hibernate ORM core version 5.4.12.Final
2020-03-16 16:16:27,063 INFO org.hibernate.annotations.common.reflection.java.JavaReflectionManager [main] HCANN000001: Hibernate Commons Annotations {5.1.0.Final}
2020-03-16 16:16:27,682 INFO org.hibernate.dialect.Dialect [main] HHH000400: Using dialect: org.hibernate.dialect.PostgreSQLDialect
2020-03-16 16:16:28,423 INFO org.hibernate.engine.transaction.jta.platform.internal.JtaPlatformInitiator [main] HHH000490: Using JtaPlatform implementation: [org.hibernate.engine.transaction.jta.platform.internal.NoJtaPlatform]
2020-03-16 16:16:28,473 INFO org.springframework.orm.jpa.AbstractEntityManagerFactoryBean [main] Initialized JPA EntityManagerFactory for persistence unit 'default'
2020-03-16 16:16:28,891 WARN org.springframework.boot.autoconfigure.orm.jpa.JpaBaseConfiguration$JpaWebConfiguration [main] spring.jpa.open-in-view is enabled by default. Therefore, database queries may be performed during view rendering. Explicitly configure spring.jpa.open-in-view to disable this warning
2020-03-16 16:16:29,173 INFO org.springframework.scheduling.concurrent.ExecutorConfigurationSupport [main] Initializing ExecutorService 'applicationTaskExecutor'
2020-03-16 16:16:31,234 INFO org.springframework.boot.autoconfigure.security.servlet.UserDetailsServiceAutoConfiguration [main] 

Using generated security password: b381a0f4-7dbd-4041-a1f1-0aa174b7063f

2020-03-16 16:16:31,923 INFO org.springframework.security.web.DefaultSecurityFilterChain [main] Creating filter chain: any request, [org.springframework.security.web.context.request.async.WebAsyncManagerIntegrationFilter@2c9430c6, org.springframework.security.web.context.SecurityContextPersistenceFilter@7c08461b, org.springframework.security.web.header.HeaderWriterFilter@39eea4f6, org.springframework.security.web.csrf.CsrfFilter@665c79a2, org.springframework.security.web.authentication.logout.LogoutFilter@3f523dae, org.springframework.security.web.authentication.UsernamePasswordAuthenticationFilter@63be4548, org.springframework.security.web.authentication.ui.DefaultLoginPageGeneratingFilter@18f1a81a, org.springframework.security.web.authentication.ui.DefaultLogoutPageGeneratingFilter@66978c15, org.springframework.security.web.authentication.www.BasicAuthenticationFilter@2f53e07d, org.springframework.security.web.savedrequest.RequestCacheAwareFilter@2060df8, org.springframework.security.web.servletapi.SecurityContextHolderAwareRequestFilter@4f70b659, org.springframework.security.web.authentication.AnonymousAuthenticationFilter@6c96dc5c, org.springframework.security.web.session.SessionManagementFilter@4400026, org.springframework.security.web.access.ExceptionTranslationFilter@49522bdf, org.springframework.security.web.access.intercept.FilterSecurityInterceptor@20e8286a]
2020-03-16 16:16:32,133 INFO org.apache.juli.logging.DirectJDKLog [main] Starting ProtocolHandler ["http-nio-8080"]
2020-03-16 16:16:32,282 INFO org.springframework.boot.web.embedded.tomcat.TomcatWebServer [main] Tomcat started on port(s): 8080 (http) with context path ''
2020-03-16 16:16:32,303 INFO org.springframework.boot.StartupInfoLogger [main] Started HomeworkApplication in 24.211 seconds (JVM running for 28.068)
2020-03-16 16:24:46,472 INFO org.springframework.scheduling.concurrent.ExecutorConfigurationSupport [SpringContextShutdownHook] Shutting down ExecutorService 'applicationTaskExecutor'
2020-03-16 16:24:46,474 INFO org.springframework.orm.jpa.AbstractEntityManagerFactoryBean [SpringContextShutdownHook] Closing JPA EntityManagerFactory for persistence unit 'default'
2020-03-16 16:24:46,516 INFO com.zaxxer.hikari.HikariDataSource [SpringContextShutdownHook] HikariPool-1 - Shutdown initiated...
2020-03-16 16:24:46,600 INFO com.zaxxer.hikari.HikariDataSource [SpringContextShutdownHook] HikariPool-1 - Shutdown completed.
2020-03-16 16:28:42,922 INFO org.springframework.boot.StartupInfoLogger [main] Starting HomeworkApplication on agnese-PC with PID 17372 (C:\Users\agnese\Homework\homework-server\out\production\classes started by agnese in C:\Users\agnese\Homework)
2020-03-16 16:28:42,932 DEBUG org.springframework.boot.StartupInfoLogger [main] Running with Spring Boot v2.2.5.RELEASE, Spring v5.2.4.RELEASE
2020-03-16 16:28:42,934 INFO org.springframework.boot.SpringApplication [main] No active profile set, falling back to default profiles: default
2020-03-16 16:28:44,903 WARN org.mybatis.spring.mapper.ClassPathMapperScanner [main] No MyBatis mapper was found in '[homework]' package. Please check your configuration.
2020-03-16 16:28:45,032 INFO org.springframework.data.repository.config.RepositoryConfigurationDelegate [main] Bootstrapping Spring Data JPA repositories in DEFAULT mode.
2020-03-16 16:28:45,062 INFO org.springframework.data.repository.config.RepositoryConfigurationDelegate [main] Finished Spring Data repository scanning in 12ms. Found 0 JPA repository interfaces.
2020-03-16 16:28:47,582 INFO org.springframework.boot.web.embedded.tomcat.TomcatWebServer [main] Tomcat initialized with port(s): 8080 (http)
2020-03-16 16:28:47,623 INFO org.apache.juli.logging.DirectJDKLog [main] Initializing ProtocolHandler ["http-nio-8080"]
2020-03-16 16:28:47,623 INFO org.apache.juli.logging.DirectJDKLog [main] Starting service [Tomcat]
2020-03-16 16:28:47,623 INFO org.apache.juli.logging.DirectJDKLog [main] Starting Servlet engine: [Apache Tomcat/9.0.31]
2020-03-16 16:28:48,452 INFO org.apache.juli.logging.DirectJDKLog [main] Initializing Spring embedded WebApplicationContext
2020-03-16 16:28:48,452 INFO org.springframework.boot.web.servlet.context.ServletWebServerApplicationContext [main] Root WebApplicationContext: initialization completed in 4883 ms
2020-03-16 16:28:49,332 INFO com.zaxxer.hikari.HikariDataSource [main] HikariPool-1 - Starting...
2020-03-16 16:28:49,913 INFO com.zaxxer.hikari.HikariDataSource [main] HikariPool-1 - Start completed.
2020-03-16 16:28:55,023 INFO liquibase.logging.core.Slf4jLogger [main] SELECT COUNT(*) FROM public.databasechangeloglock
2020-03-16 16:28:55,033 INFO liquibase.logging.core.Slf4jLogger [main] SELECT COUNT(*) FROM public.databasechangeloglock
2020-03-16 16:28:55,033 INFO liquibase.logging.core.Slf4jLogger [main] SELECT LOCKED FROM public.databasechangeloglock WHERE ID=1
2020-03-16 16:28:55,062 INFO liquibase.logging.core.Slf4jLogger [main] Successfully acquired change log lock
2020-03-16 16:29:01,060 INFO liquibase.logging.core.Slf4jLogger [main] SELECT MD5SUM FROM public.databasechangelog WHERE MD5SUM IS NOT NULL LIMIT 1
2020-03-16 16:29:01,067 INFO liquibase.logging.core.Slf4jLogger [main] SELECT COUNT(*) FROM public.databasechangelog
2020-03-16 16:29:01,070 INFO liquibase.logging.core.Slf4jLogger [main] Reading from public.databasechangelog
2020-03-16 16:29:01,072 INFO liquibase.logging.core.Slf4jLogger [main] SELECT * FROM public.databasechangelog ORDER BY DATEEXECUTED ASC, ORDEREXECUTED ASC
2020-03-16 16:29:01,091 INFO liquibase.logging.core.Slf4jLogger [main] Successfully released change log lock
2020-03-16 16:29:01,577 INFO org.hibernate.jpa.internal.util.LogHelper [main] HHH000204: Processing PersistenceUnitInfo [name: default]
2020-03-16 16:29:02,103 INFO org.hibernate.Version [main] HHH000412: Hibernate ORM core version 5.4.12.Final
2020-03-16 16:29:03,052 INFO org.hibernate.annotations.common.reflection.java.JavaReflectionManager [main] HCANN000001: Hibernate Commons Annotations {5.1.0.Final}
2020-03-16 16:29:03,912 INFO org.hibernate.dialect.Dialect [main] HHH000400: Using dialect: org.hibernate.dialect.PostgreSQLDialect
2020-03-16 16:29:04,903 INFO org.hibernate.engine.transaction.jta.platform.internal.JtaPlatformInitiator [main] HHH000490: Using JtaPlatform implementation: [org.hibernate.engine.transaction.jta.platform.internal.NoJtaPlatform]
2020-03-16 16:29:04,952 INFO org.springframework.orm.jpa.AbstractEntityManagerFactoryBean [main] Initialized JPA EntityManagerFactory for persistence unit 'default'
2020-03-16 16:29:05,403 WARN org.springframework.boot.autoconfigure.orm.jpa.JpaBaseConfiguration$JpaWebConfiguration [main] spring.jpa.open-in-view is enabled by default. Therefore, database queries may be performed during view rendering. Explicitly configure spring.jpa.open-in-view to disable this warning
2020-03-16 16:29:05,903 INFO org.springframework.scheduling.concurrent.ExecutorConfigurationSupport [main] Initializing ExecutorService 'applicationTaskExecutor'
2020-03-16 16:29:08,241 INFO org.springframework.boot.autoconfigure.security.servlet.UserDetailsServiceAutoConfiguration [main] 

Using generated security password: 464ba37e-4e79-41dd-8d11-b57f8a55a3b7

2020-03-16 16:29:08,733 INFO org.springframework.security.web.DefaultSecurityFilterChain [main] Creating filter chain: any request, [org.springframework.security.web.context.request.async.WebAsyncManagerIntegrationFilter@77cd1f67, org.springframework.security.web.context.SecurityContextPersistenceFilter@4d305059, org.springframework.security.web.header.HeaderWriterFilter@216de23a, org.springframework.security.web.csrf.CsrfFilter@21252bef, org.springframework.security.web.authentication.logout.LogoutFilter@58f8ce0f, org.springframework.security.web.authentication.UsernamePasswordAuthenticationFilter@54519d74, org.springframework.security.web.authentication.ui.DefaultLoginPageGeneratingFilter@66075347, org.springframework.security.web.authentication.ui.DefaultLogoutPageGeneratingFilter@94f79a7, org.springframework.security.web.authentication.www.BasicAuthenticationFilter@52ec5ba6, org.springframework.security.web.savedrequest.RequestCacheAwareFilter@78b293a, org.springframework.security.web.servletapi.SecurityContextHolderAwareRequestFilter@c4bb119, org.springframework.security.web.authentication.AnonymousAuthenticationFilter@647d3279, org.springframework.security.web.session.SessionManagementFilter@7c290246, org.springframework.security.web.access.ExceptionTranslationFilter@515b7335, org.springframework.security.web.access.intercept.FilterSecurityInterceptor@79fbcef4]
2020-03-16 16:29:08,865 INFO org.apache.juli.logging.DirectJDKLog [main] Starting ProtocolHandler ["http-nio-8080"]
2020-03-16 16:29:08,965 INFO org.springframework.boot.web.embedded.tomcat.TomcatWebServer [main] Tomcat started on port(s): 8080 (http) with context path ''
2020-03-16 16:29:08,973 INFO org.springframework.boot.StartupInfoLogger [main] Started HomeworkApplication in 28.236 seconds (JVM running for 31.046)
